Build started 6/19/2015 2:39:50 PM.
     1>Project "C:\Projects\node_bind\build\credentialModule.vcxproj" on node 2 (Build target(s)).
     1>ClCompile:
         C:\Program Files (x86)\Microsoft Visual Studio 12.0\VC\bin\amd64\CL.exe /c /I"C:\Users\kiranku\.node-gyp\0.10.36\src" /I"C:\Users\kiranku\.node-gyp\0.10.36\deps\uv\include" /I"C:\Users\kiranku\.node-gyp\0.10.36\deps\v8\include" /Zi /nologo /W3 /WX- /Od /Oy- /D NODE_GYP_MODULE_NAME=credentialModule /D WIN32 /D _CRT_SECURE_NO_DEPRECATE /D _CRT_NONSTDC_NO_DEPRECATE /D BUILDING_V8_SHARED=1 /D BUILDING_UV_SHARED=1 /D BUILDING_NODE_EXTENSION /D DEBUG /D _DEBUG /D _WINDLL /GF /Gm- /EHsc /RTC1 /MTd /GS /fp:precise /Zc:wchar_t /Zc:forScope /Fo"Debug\obj\credentialModule\\" /Fd"Debug\obj\credentialModule\vc120.pdb" /Gd /TP /wd4251 /errorReport:prompt ..\credentialModule.cpp
         credentialModule.cpp
     1>..\credentialModule.cpp(38): warning C4244: 'initializing' : conversion from 'int64_t' to 'int32_t', possible loss of data
     1>..\credentialModule.cpp(117): warning C4267: '=' : conversion from 'size_t' to 'DWORD', possible loss of data
     1>C:\Users\kiranku\.node-gyp\0.10.36\deps\v8\include\v8.h(184): warning C4506: no definition for inline function 'v8::Persistent<v8::Object> v8::Persistent<v8::Object>::New(v8::Handle<v8::Object>)'
     1>c:\projects\node_bind\credentialmodule.cpp(133): warning C4715: 'WriteToWindowsCredMgr' : not all control paths return a value
       Link:
         C:\Program Files (x86)\Microsoft Visual Studio 12.0\VC\bin\amd64\link.exe /ERRORREPORT:PROMPT /OUT:"C:\Projects\node_bind\build\Debug\credentialModule.node" /INCREMENTAL /NOLOGO kernel32.lib user32.lib gdi32.lib winspool.lib comdlg32.lib advapi32.lib shell32.lib ole32.lib oleaut32.lib uuid.lib odbc32.lib DelayImp.lib "C:\Users\kiranku\.node-gyp\0.10.36\Debug\node.lib" /MANIFEST /MANIFESTUAC:"level='asInvoker' uiAccess='false'" /manifest:embed /DEBUG /PDB:"C:\Projects\node_bind\build\Debug\credentialModule.pdb" /TLBID:1 /DYNAMICBASE /NXCOMPAT /MACHINE:X64 /DLL Debug\obj\credentialModule\credentialModule.obj
     1>LINK : fatal error LNK1104: cannot open file 'C:\Users\kiranku\.node-gyp\0.10.36\Debug\node.lib'
     1>Done Building Project "C:\Projects\node_bind\build\credentialModule.vcxproj" (Build target(s)) -- FAILED.

Build FAILED.

Time Elapsed 00:00:01.15
